build/app/intermediates/manifest_merge_blame_file/debug/manifest-merger-blame-debug-report.txt
1<?xml version="1.0" encoding="utf-8"?>
2<manifest xmlns:android="http://schemas.android.com/apk/res/android"
3    package="com.example.isp_management"
4    android:versionCode="1"
5    android:versionName="1.0.0" >
6
7    <uses-sdk
8        android:minSdkVersion="19"
9        android:targetSdkVersion="33" />
10    <!--
11         The INTERNET permission is required for development. Specifically,
12         the Flutter tool needs it to communicate with the running application
13         to allow setting breakpoints, to provide hot reload, etc.
14    -->
15    <uses-permission android:name="android.permission.INTERNET" />
15-->src/debug/AndroidManifest.xml:6:5-66
15-->src/debug/AndroidManifest.xml:6:22-64
16    <uses-permission android:name="android.permission.WAKE_LOCK" />
16-->[:firebase_messaging] AndroidManifest.xml:10:5-68
16-->[:firebase_messaging] AndroidManifest.xml:10:22-65
17    <uses-permission android:name="android.permission.ACCESS_NETWORK_STATE" />
17-->[:firebase_messaging] AndroidManifest.xml:11:5-79
17-->[:firebase_messaging] AndroidManifest.xml:11:22-76
18    <uses-permission android:name="android.permission.POST_NOTIFICATIONS" /> <!-- Required by older versions of Google Play services to create IID tokens -->
18-->[com.google.firebase:firebase-messaging:23.0.8] AndroidManifest.xml:26:5-77
18-->[com.google.firebase:firebase-messaging:23.0.8] AndroidManifest.xml:26:22-74
19    <uses-permission android:name="com.google.android.c2dm.permission.RECEIVE" />
19-->[com.google.firebase:firebase-messaging:23.0.8] AndroidManifest.xml:29:5-82
19-->[com.google.firebase:firebase-messaging:23.0.8] AndroidManifest.xml:29:22-79
20
21    <permission
21-->[androidx.core:core:1.10.1] AndroidManifest.xml:22:5-24:47
22        android:name="com.example.isp_management.DYNAMIC_RECEIVER_NOT_EXPORTED_PERMISSION"
22-->[androidx.core:core:1.10.1] AndroidManifest.xml:23:9-81
23        android:protectionLevel="signature" />
23-->[androidx.core:core:1.10.1] AndroidManifest.xml:24:9-44
24
25    <uses-permission android:name="com.example.isp_management.DYNAMIC_RECEIVER_NOT_EXPORTED_PERMISSION" />
25-->[androidx.core:core:1.10.1] AndroidManifest.xml:26:5-97
25-->[androidx.core:core:1.10.1] AndroidManifest.xml:26:22-94
26
27    <application
28        android:name="android.app.Application"
29        android:appComponentFactory="androidx.core.app.CoreComponentFactory"
29-->[androidx.core:core:1.10.1] AndroidManifest.xml:28:18-86
30        android:debuggable="true"
31        android:icon="@mipmap/ic_launcher"
32        android:label="ISP Management" >
33        <activity
34            android:name="com.example.isp_management.MainActivity"
35            android:configChanges="orientation|keyboardHidden|keyboard|screenSize|smallestScreenSize|locale|layoutDirection|fontScale|screenLayout|density|uiMode"
36            android:exported="true"
37            android:hardwareAccelerated="true"
38            android:launchMode="singleTop"
39            android:theme="@style/LaunchTheme"
40            android:windowSoftInputMode="adjustResize" >
41
42            <!--
43                 Specifies an Android theme to apply to this Activity as soon as
44                 the Android process has started. This theme is visible to the user
45                 while the Flutter UI initializes. After that, this theme continues
46                 to determine the Window background behind the Flutter UI.
47            -->
48            <meta-data
49                android:name="io.flutter.embedding.android.NormalTheme"
50                android:resource="@style/NormalTheme" />
51
52            <intent-filter>
53                <action android:name="android.intent.action.MAIN" />
54
55                <category android:name="android.intent.category.LAUNCHER" />
56            </intent-filter>
57        </activity>
58        <!--
59             Don't delete the meta-data below.
60             This is used by the Flutter tool to generate GeneratedPluginRegistrant.java
61        -->
62        <meta-data
63            android:name="flutterEmbedding"
64            android:value="2" />
65
66        <service
66-->[:firebase_messaging] AndroidManifest.xml:14:9-17:72
67            android:name="io.flutter.plugins.firebase.messaging.FlutterFirebaseMessagingBackgroundService"
67-->[:firebase_messaging] AndroidManifest.xml:15:13-107
68            android:exported="false"
68-->[:firebase_messaging] AndroidManifest.xml:16:13-37
69            android:permission="android.permission.BIND_JOB_SERVICE" />
69-->[:firebase_messaging] AndroidManifest.xml:17:13-69
70        <service
70-->[:firebase_messaging] AndroidManifest.xml:18:9-24:19
71            android:name="io.flutter.plugins.firebase.messaging.FlutterFirebaseMessagingService"
71-->[:firebase_messaging] AndroidManifest.xml:19:13-97
72            android:exported="false" >
72-->[:firebase_messaging] AndroidManifest.xml:20:13-37
73            <intent-filter>
73-->[:firebase_messaging] AndroidManifest.xml:21:13-23:29
74                <action android:name="com.google.firebase.MESSAGING_EVENT" />
74-->[:firebase_messaging] AndroidManifest.xml:22:17-78
74-->[:firebase_messaging] AndroidManifest.xml:22:25-75
75            </intent-filter>
76        </service>
77
78        <receiver
78-->[:firebase_messaging] AndroidManifest.xml:26:9-33:20
79            android:name="io.flutter.plugins.firebase.messaging.FlutterFirebaseMessagingReceiver"
79-->[:firebase_messaging] AndroidManifest.xml:27:13-98
80            android:exported="true"
80-->[:firebase_messaging] AndroidManifest.xml:28:13-36
81            android:permission="com.google.android.c2dm.permission.SEND" >
81-->[:firebase_messaging] AndroidManifest.xml:29:13-73
82            <intent-filter>
82-->[:firebase_messaging] AndroidManifest.xml:30:13-32:29
83                <action android:name="com.google.android.c2dm.intent.RECEIVE" />
83-->[:firebase_messaging] AndroidManifest.xml:31:17-81
83-->[:firebase_messaging] AndroidManifest.xml:31:25-78
84            </intent-filter>
85        </receiver>
86
87        <service
87-->[:firebase_messaging] AndroidManifest.xml:35:9-39:19
88            android:name="com.google.firebase.components.ComponentDiscoveryService"
88-->[:firebase_messaging] AndroidManifest.xml:35:18-89
89            android:directBootAware="true"
89-->[com.google.firebase:firebase-common:20.1.2] AndroidManifest.xml:35:13-43
90            android:exported="false" >
90-->[com.google.firebase:firebase-messaging:23.0.8] AndroidManifest.xml:55:13-37
91            <meta-data
91-->[:firebase_messaging] AndroidManifest.xml:36:13-38:85
92                android:name="com.google.firebase.components:io.flutter.plugins.firebase.messaging.FlutterFirebaseAppRegistrar"
92-->[:firebase_messaging] AndroidManifest.xml:37:17-128
93                android:value="com.google.firebase.components.ComponentRegistrar" />
93-->[:firebase_messaging] AndroidManifest.xml:38:17-82
94            <meta-data
94-->[:firebase_core] AndroidManifest.xml:11:13-13:85
95                android:name="com.google.firebase.components:io.flutter.plugins.firebase.core.FlutterFirebaseCoreRegistrar"
95-->[:firebase_core] AndroidManifest.xml:12:17-124
96                android:value="com.google.firebase.components.ComponentRegistrar" />
96-->[:firebase_core] AndroidManifest.xml:13:17-82
97            <meta-data
97-->[com.google.firebase:firebase-messaging:23.0.8] AndroidManifest.xml:56:13-58:85
98                android:name="com.google.firebase.components:com.google.firebase.messaging.FirebaseMessagingRegistrar"
98-->[com.google.firebase:firebase-messaging:23.0.8] AndroidManifest.xml:57:17-119
99                android:value="com.google.firebase.components.ComponentRegistrar" />
99-->[com.google.firebase:firebase-messaging:23.0.8] AndroidManifest.xml:58:17-82
100            <meta-data
100-->[com.google.firebase:firebase-datatransport:18.1.6] AndroidManifest.xml:28:13-30:85
101                android:name="com.google.firebase.components:com.google.firebase.datatransport.TransportRegistrar"
101-->[com.google.firebase:firebase-datatransport:18.1.6] AndroidManifest.xml:29:17-115
102                android:value="com.google.firebase.components.ComponentRegistrar" />
102-->[com.google.firebase:firebase-datatransport:18.1.6] AndroidManifest.xml:30:17-82
103            <meta-data
103-->[com.google.firebase:firebase-installations:17.0.3] AndroidManifest.xml:18:13-20:85
104                android:name="com.google.firebase.components:com.google.firebase.installations.FirebaseInstallationsRegistrar"
104-->[com.google.firebase:firebase-installations:17.0.3] AndroidManifest.xml:19:17-127
105                android:value="com.google.firebase.components.ComponentRegistrar" />
105-->[com.google.firebase:firebase-installations:17.0.3] AndroidManifest.xml:20:17-82
106        </service>
107
108        <provider
108-->[:firebase_messaging] AndroidManifest.xml:41:9-45:38
109            android:name="io.flutter.plugins.firebase.messaging.FlutterFirebaseMessagingInitProvider"
109-->[:firebase_messaging] AndroidManifest.xml:42:13-102
110            android:authorities="com.example.isp_management.flutterfirebasemessaginginitprovider"
110-->[:firebase_messaging] AndroidManifest.xml:43:13-88
111            android:exported="false"
111-->[:firebase_messaging] AndroidManifest.xml:44:13-37
112            android:initOrder="99" />
112-->[:firebase_messaging] AndroidManifest.xml:45:13-35
113        <provider
113-->[:image_picker_android] AndroidManifest.xml:10:9-18:20
114            android:name="io.flutter.plugins.imagepicker.ImagePickerFileProvider"
114-->[:image_picker_android] AndroidManifest.xml:11:13-82
115            android:authorities="com.example.isp_management.flutter.image_provider"
115-->[:image_picker_android] AndroidManifest.xml:12:13-74
116            android:exported="false"
116-->[:image_picker_android] AndroidManifest.xml:13:13-37
117            android:grantUriPermissions="true" >
117-->[:image_picker_android] AndroidManifest.xml:14:13-47
118            <meta-data
118-->[:image_picker_android] AndroidManifest.xml:15:13-17:75
119                android:name="android.support.FILE_PROVIDER_PATHS"
119-->[:image_picker_android] AndroidManifest.xml:16:17-67
120                android:resource="@xml/flutter_image_picker_file_paths" />
120-->[:image_picker_android] AndroidManifest.xml:17:17-72
121        </provider>
122
123        <activity
123-->[:url_launcher_android] AndroidManifest.xml:10:9-13:74
124            android:name="io.flutter.plugins.urllauncher.WebViewActivity"
124-->[:url_launcher_android] AndroidManifest.xml:11:13-74
125            android:exported="false"
125-->[:url_launcher_android] AndroidManifest.xml:12:13-37
126            android:theme="@android:style/Theme.NoTitleBar.Fullscreen" />
126-->[:url_launcher_android] AndroidManifest.xml:13:13-71
127
128        <receiver
128-->[com.google.firebase:firebase-messaging:23.0.8] AndroidManifest.xml:32:9-39:20
129            android:name="com.google.firebase.iid.FirebaseInstanceIdReceiver"
129-->[com.google.firebase:firebase-messaging:23.0.8] AndroidManifest.xml:33:13-78
130            android:exported="true"
130-->[com.google.firebase:firebase-messaging:23.0.8] AndroidManifest.xml:34:13-36
131            android:permission="com.google.android.c2dm.permission.SEND" >
131-->[com.google.firebase:firebase-messaging:23.0.8] AndroidManifest.xml:35:13-73
132            <intent-filter>
132-->[:firebase_messaging] AndroidManifest.xml:30:13-32:29
133                <action android:name="com.google.android.c2dm.intent.RECEIVE" />
133-->[:firebase_messaging] AndroidManifest.xml:31:17-81
133-->[:firebase_messaging] AndroidManifest.xml:31:25-78
134            </intent-filter>
135        </receiver>
136        <!--
137             FirebaseMessagingService performs security checks at runtime,
138             but set to not exported to explicitly avoid allowing another app to call it.
139        -->
140        <service
140-->[com.google.firebase:firebase-messaging:23.0.8] AndroidManifest.xml:45:9-52:19
141            android:name="com.google.firebase.messaging.FirebaseMessagingService"
141-->[com.google.firebase:firebase-messaging:23.0.8] AndroidManifest.xml:46:13-82
142            android:directBootAware="true"
142-->[com.google.firebase:firebase-messaging:23.0.8] AndroidManifest.xml:47:13-43
143            android:exported="false" >
143-->[com.google.firebase:firebase-messaging:23.0.8] AndroidManifest.xml:48:13-37
144            <intent-filter android:priority="-500" >
144-->[:firebase_messaging] AndroidManifest.xml:21:13-23:29
145                <action android:name="com.google.firebase.MESSAGING_EVENT" />
145-->[:firebase_messaging] AndroidManifest.xml:22:17-78
145-->[:firebase_messaging] AndroidManifest.xml:22:25-75
146            </intent-filter>
147        </service>
148
149        <activity
149-->[com.google.android.gms:play-services-base:18.0.1] AndroidManifest.xml:20:9-22:45
150            android:name="com.google.android.gms.common.api.GoogleApiActivity"
150-->[com.google.android.gms:play-services-base:18.0.1] AndroidManifest.xml:20:19-85
151            android:exported="false"
151-->[com.google.android.gms:play-services-base:18.0.1] AndroidManifest.xml:22:19-43
152            android:theme="@android:style/Theme.Translucent.NoTitleBar" />
152-->[com.google.android.gms:play-services-base:18.0.1] AndroidManifest.xml:21:19-78
153
154        <provider
154-->[com.google.firebase:firebase-common:20.1.2] AndroidManifest.xml:26:9-31:39
155            android:name="com.google.firebase.provider.FirebaseInitProvider"
155-->[com.google.firebase:firebase-common:20.1.2] AndroidManifest.xml:27:13-77
156            android:authorities="com.example.isp_management.firebaseinitprovider"
156-->[com.google.firebase:firebase-common:20.1.2] AndroidManifest.xml:28:13-72
157            android:directBootAware="true"
157-->[com.google.firebase:firebase-common:20.1.2] AndroidManifest.xml:29:13-43
158            android:exported="false"
158-->[com.google.firebase:firebase-common:20.1.2] AndroidManifest.xml:30:13-37
159            android:initOrder="100" />
159-->[com.google.firebase:firebase-common:20.1.2] AndroidManifest.xml:31:13-36
160
161        <meta-data
161-->[com.google.android.gms:play-services-basement:18.1.0] AndroidManifest.xml:21:9-23:69
162            android:name="com.google.android.gms.version"
162-->[com.google.android.gms:play-services-basement:18.1.0] AndroidManifest.xml:22:13-58
163            android:value="@integer/google_play_services_version" />
163-->[com.google.android.gms:play-services-basement:18.1.0] AndroidManifest.xml:23:13-66
164
165        <uses-library
165-->[androidx.window:window:1.0.0-beta04] AndroidManifest.xml:25:9-27:40
166            android:name="androidx.window.extensions"
166-->[androidx.window:window:1.0.0-beta04] AndroidManifest.xml:26:13-54
167            android:required="false" />
167-->[androidx.window:window:1.0.0-beta04] AndroidManifest.xml:27:13-37
168        <uses-library
168-->[androidx.window:window:1.0.0-beta04] AndroidManifest.xml:28:9-30:40
169            android:name="androidx.window.sidecar"
169-->[androidx.window:window:1.0.0-beta04] AndroidManifest.xml:29:13-51
170            android:required="false" />
170-->[androidx.window:window:1.0.0-beta04] AndroidManifest.xml:30:13-37
171
172        <provider
172-->[androidx.profileinstaller:profileinstaller:1.3.0] AndroidManifest.xml:24:9-32:20
173            android:name="androidx.startup.InitializationProvider"
173-->[androidx.profileinstaller:profileinstaller:1.3.0] AndroidManifest.xml:25:13-67
174            android:authorities="com.example.isp_management.androidx-startup"
174-->[androidx.profileinstaller:profileinstaller:1.3.0] AndroidManifest.xml:26:13-68
175            android:exported="false" >
175-->[androidx.profileinstaller:profileinstaller:1.3.0] AndroidManifest.xml:27:13-37
176            <meta-data
176-->[androidx.profileinstaller:profileinstaller:1.3.0] AndroidManifest.xml:29:13-31:52
177                android:name="androidx.profileinstaller.ProfileInstallerInitializer"
177-->[androidx.profileinstaller:profileinstaller:1.3.0] AndroidManifest.xml:30:17-85
178                android:value="androidx.startup" />
178-->[androidx.profileinstaller:profileinstaller:1.3.0] AndroidManifest.xml:31:17-49
179        </provider>
180
181        <receiver
181-->[androidx.profileinstaller:profileinstaller:1.3.0] AndroidManifest.xml:34:9-52:20
182            android:name="androidx.profileinstaller.ProfileInstallReceiver"
182-->[androidx.profileinstaller:profileinstaller:1.3.0] AndroidManifest.xml:35:13-76
183            android:directBootAware="false"
183-->[androidx.profileinstaller:profileinstaller:1.3.0] AndroidManifest.xml:36:13-44
184            android:enabled="true"
184-->[androidx.profileinstaller:profileinstaller:1.3.0] AndroidManifest.xml:37:13-35
185            android:exported="true"
185-->[androidx.profileinstaller:profileinstaller:1.3.0] AndroidManifest.xml:38:13-36
186            android:permission="android.permission.DUMP" >
186-->[androidx.profileinstaller:profileinstaller:1.3.0] AndroidManifest.xml:39:13-57
187            <intent-filter>
187-->[androidx.profileinstaller:profileinstaller:1.3.0] AndroidManifest.xml:40:13-42:29
188                <action android:name="androidx.profileinstaller.action.INSTALL_PROFILE" />
188-->[androidx.profileinstaller:profileinstaller:1.3.0] AndroidManifest.xml:41:17-91
188-->[androidx.profileinstaller:profileinstaller:1.3.0] AndroidManifest.xml:41:25-88
189            </intent-filter>
190            <intent-filter>
190-->[androidx.profileinstaller:profileinstaller:1.3.0] AndroidManifest.xml:43:13-45:29
191                <action android:name="androidx.profileinstaller.action.SKIP_FILE" />
191-->[androidx.profileinstaller:profileinstaller:1.3.0] AndroidManifest.xml:44:17-85
191-->[androidx.profileinstaller:profileinstaller:1.3.0] AndroidManifest.xml:44:25-82
192            </intent-filter>
193            <intent-filter>
193-->[androidx.profileinstaller:profileinstaller:1.3.0] AndroidManifest.xml:46:13-48:29
194                <action android:name="androidx.profileinstaller.action.SAVE_PROFILE" />
194-->[androidx.profileinstaller:profileinstaller:1.3.0] AndroidManifest.xml:47:17-88
194-->[androidx.profileinstaller:profileinstaller:1.3.0] AndroidManifest.xml:47:25-85
195            </intent-filter>
196            <intent-filter>
196-->[androidx.profileinstaller:profileinstaller:1.3.0] AndroidManifest.xml:49:13-51:29
197                <action android:name="androidx.profileinstaller.action.BENCHMARK_OPERATION" />
197-->[androidx.profileinstaller:profileinstaller:1.3.0] AndroidManifest.xml:50:17-95
197-->[androidx.profileinstaller:profileinstaller:1.3.0] AndroidManifest.xml:50:25-92
198            </intent-filter>
199        </receiver>
200
201        <service
201-->[com.google.android.datatransport:transport-backend-cct:3.1.7] AndroidManifest.xml:29:9-35:19
202            android:name="com.google.android.datatransport.runtime.backends.TransportBackendDiscovery"
202-->[com.google.android.datatransport:transport-backend-cct:3.1.7] AndroidManifest.xml:30:13-103
203            android:exported="false" >
203-->[com.google.android.datatransport:transport-backend-cct:3.1.7] AndroidManifest.xml:31:13-37
204            <meta-data
204-->[com.google.android.datatransport:transport-backend-cct:3.1.7] AndroidManifest.xml:32:13-34:39
205                android:name="backend:com.google.android.datatransport.cct.CctBackendFactory"
205-->[com.google.android.datatransport:transport-backend-cct:3.1.7] AndroidManifest.xml:33:17-94
206                android:value="cct" />
206-->[com.google.android.datatransport:transport-backend-cct:3.1.7] AndroidManifest.xml:34:17-36
207        </service>
208        <service
208-->[com.google.android.datatransport:transport-runtime:3.1.7] AndroidManifest.xml:26:9-30:19
209            android:name="com.google.android.datatransport.runtime.scheduling.jobscheduling.JobInfoSchedulerService"
209-->[com.google.android.datatransport:transport-runtime:3.1.7] AndroidManifest.xml:27:13-117
210            android:exported="false"
210-->[com.google.android.datatransport:transport-runtime:3.1.7] AndroidManifest.xml:28:13-37
211            android:permission="android.permission.BIND_JOB_SERVICE" >
211-->[com.google.android.datatransport:transport-runtime:3.1.7] AndroidManifest.xml:29:13-69
212        </service>
213
214        <receiver
214-->[com.google.android.datatransport:transport-runtime:3.1.7] AndroidManifest.xml:32:9-34:40
215            android:name="com.google.android.datatransport.runtime.scheduling.jobscheduling.AlarmManagerSchedulerBroadcastReceiver"
215-->[com.google.android.datatransport:transport-runtime:3.1.7] AndroidManifest.xml:33:13-132
216            android:exported="false" />
216-->[com.google.android.datatransport:transport-runtime:3.1.7] AndroidManifest.xml:34:13-37
217    </application>
218
219</manifest>